2022-07-07 12:13:45,470 INFO [main] m.r.RFSoftware [RFSoftware.java:49] Initiating...
2022-07-07 12:13:45,950 INFO [main] m.r.RFSoftware [RFSoftware.java:91] Running...
2022-07-07 12:13:46,121 INFO [main] m.restfstool [BESoftware.java:78] Initiating BESoftware...
2022-07-07 12:13:46,177 INFO [main] m.restfstool [BESoftware.java:84] init(): ignoredClasses = [class org.jda.example.coursemanrestful.modules.coursemodule.model.CompulsoryModule, class org.jda.example.coursemanrestful.modules.coursemodule.model.ElectiveModule]
2022-07-07 12:13:46,178 INFO [main] m.restfstool [BESoftware.java:225] Running backend...
2022-07-07 13:24:29,133 INFO [main] m.r.RFSoftware [RFSoftware.java:49] Initiating...
2022-07-07 13:24:29,956 INFO [main] m.r.RFSoftware [RFSoftware.java:91] Running...
2022-07-07 13:24:30,068 INFO [main] m.restfstool [BESoftware.java:78] Initiating BESoftware...
2022-07-07 13:24:30,119 INFO [main] m.restfstool [BESoftware.java:84] init(): ignoredClasses = [class org.jda.example.coursemanrestful.modules.coursemodule.model.CompulsoryModule, class org.jda.example.coursemanrestful.modules.coursemodule.model.ElectiveModule]
2022-07-07 13:24:30,119 INFO [main] m.restfstool [BESoftware.java:225] Running backend...
2022-07-07 14:03:48,619 INFO [main] m.r.RFSoftware [RFSoftware.java:49] Initiating...
2022-07-07 14:03:49,726 INFO [main] m.r.RFSoftware [RFSoftware.java:66] Generating...
2022-07-07 14:03:49,732 INFO [main] m.restfstool [FESoftware.java:34] Initiating FESoftware...
2022-07-07 14:03:49,732 INFO [main] m.restfstool [FESoftware.java:47] Generating frontend...
2022-07-07 14:21:41,541 INFO [main] m.r.RFSoftware [RFSoftware.java:49] Initiating...
2022-07-07 14:21:42,041 INFO [main] m.r.RFSoftware [RFSoftware.java:66] Generating...
2022-07-07 14:21:42,048 INFO [main] m.restfstool [FESoftware.java:34] Initiating FESoftware...
2022-07-07 14:21:42,048 INFO [main] m.restfstool [FESoftware.java:47] Generating frontend...
2022-07-07 14:28:31,513 INFO [main] m.r.RFSoftware [RFSoftware.java:49] Initiating...
2022-07-07 14:28:31,866 INFO [main] m.r.RFSoftware [RFSoftware.java:66] Generating...
2022-07-07 14:28:31,867 INFO [main] m.restfstool [FESoftware.java:34] Initiating FESoftware...
2022-07-07 14:28:31,868 INFO [main] m.restfstool [FESoftware.java:47] Generating frontend...
2022-07-07 14:35:48,787 INFO [main] m.r.RFSoftware [RFSoftware.java:49] Initiating...
2022-07-07 14:35:49,248 INFO [main] m.r.RFSoftware [RFSoftware.java:66] Generating...
2022-07-07 14:35:49,250 INFO [main] m.restfstool [FESoftware.java:34] Initiating FESoftware...
2022-07-07 14:35:49,251 INFO [main] m.restfstool [FESoftware.java:47] Generating frontend...
2022-07-07 14:39:47,353 INFO [main] m.r.RFSoftware [RFSoftware.java:49] Initiating...
2022-07-07 14:39:47,711 INFO [main] m.r.RFSoftware [RFSoftware.java:66] Generating...
2022-07-07 14:39:47,713 INFO [main] m.restfstool [FESoftware.java:34] Initiating FESoftware...
2022-07-07 14:39:47,713 INFO [main] m.restfstool [FESoftware.java:47] Generating frontend...
2022-07-07 15:11:37,344 INFO [main] m.r.RFSoftware [RFSoftware.java:49] Initiating...
2022-07-07 15:11:37,730 INFO [main] m.r.RFSoftware [RFSoftware.java:66] Generating...
2022-07-07 15:11:37,731 INFO [main] m.restfstool [FESoftware.java:34] Initiating FESoftware...
2022-07-07 15:11:37,731 INFO [main] m.restfstool [FESoftware.java:47] Generating frontend...
2022-07-07 15:13:48,818 INFO [main] m.r.RFSoftware [RFSoftware.java:49] Initiating...
2022-07-07 15:13:49,105 INFO [main] m.r.RFSoftware [RFSoftware.java:66] Generating...
2022-07-07 15:13:49,107 INFO [main] m.restfstool [FESoftware.java:34] Initiating FESoftware...
2022-07-07 15:13:49,107 INFO [main] m.restfstool [FESoftware.java:47] Generating frontend...
2022-07-07 15:17:29,658 INFO [main] m.r.RFSoftware [RFSoftware.java:49] Initiating...
2022-07-07 15:17:29,979 INFO [main] m.r.RFSoftware [RFSoftware.java:66] Generating...
2022-07-07 15:17:29,980 INFO [main] m.restfstool [FESoftware.java:34] Initiating FESoftware...
2022-07-07 15:17:29,981 INFO [main] m.restfstool [FESoftware.java:47] Generating frontend...
2022-07-07 15:24:04,842 INFO [main] m.r.RFSoftware [RFSoftware.java:49] Initiating...
2022-07-07 15:24:05,357 INFO [main] m.r.RFSoftware [RFSoftware.java:66] Generating...
2022-07-07 15:24:05,359 INFO [main] m.restfstool [FESoftware.java:34] Initiating FESoftware...
2022-07-07 15:24:05,360 INFO [main] m.restfstool [FESoftware.java:47] Generating frontend...
2022-07-07 15:24:56,755 INFO [main] m.r.RFSoftware [RFSoftware.java:49] Initiating...
2022-07-07 15:24:57,118 INFO [main] m.r.RFSoftware [RFSoftware.java:66] Generating...
2022-07-07 15:24:57,120 INFO [main] m.restfstool [FESoftware.java:34] Initiating FESoftware...
2022-07-07 15:24:57,121 INFO [main] m.restfstool [FESoftware.java:47] Generating frontend...
